555c555
< 554, 0x00000701
---
> 554, 
557,564c557,564
< 556, 0x97288090
< 557, 0x00007F1C
< 558, 0x97288090
< 559, 0x00007F1C
< 560, 0xE7436F50
< 561, 0x000055F0
< 562, 0xE7436F50
< 563, 0x000055F0
---
> 556, 
> 557, 
> 558, 
> 559, 
> 560, 
> 561, 
> 562, 
> 563, 
1000,1001c1000,1001
< 999, 0x00000001
< 1000, 0x00000700
---
> 999, 0x000004B9
> 1000, 
1003c1003
< 1002, 0x000001E0
---
> 1002, 
1005c1005
< 1004, 0xFBAD2C80
---
> 1004, 
1007,1022c1007,1022
< 1006, 0xE7437840
< 1007, 0x000055F0
< 1008, 0xE7437840
< 1009, 0x000055F0
< 1010, 0xE7437840
< 1011, 0x000055F0
< 1012, 0xE7437840
< 1013, 0x000055F0
< 1014, 0xE74380F8
< 1015, 0x000055F0
< 1016, 0xE7438840
< 1017, 0x000055F0
< 1018, 0xE7437840
< 1019, 0x000055F0
< 1020, 0xE7438840
< 1021, 0x000055F0
---
> 1006, 
> 1007, 
> 1008, 
> 1009, 
> 1010, 
> 1011, 
> 1012, 
> 1013, 
> 1014, 
> 1015, 
> 1016, 
> 1017, 
> 1018, 
> 1019, 
> 1020, 
> 1021, 
1031,1033c1031,1033
< 1030, 0x972885C0
< 1031, 0x00007F1C
< 1032, 0x00000003
---
> 1030, 
> 1031, 
> 1032, 
1039,1042c1039,1042
< 1038, 0xE7437740
< 1039, 0x000055F0
< 1040, 0xFFFFFFFF
< 1041, 0xFFFFFFFF
---
> 1038, 
> 1039, 
> 1040, 
> 1041, 
1045,1046c1045,1046
< 1044, 0xE7437750
< 1045, 0x000055F0
---
> 1044, 
> 1045, 
1053c1053
< 1052, 0xFFFFFFFF
---
> 1052, 
1059,1060c1059,1060
< 1058, 0x972844A0
< 1059, 0x00007F1C
---
> 1058, 
> 1059, 
1121,1123c1121,1123
< 1120, 0x97283F60
< 1121, 0x00007F1C
< 1122, 0x00001011
---
> 1120, 
> 1121, 
> 1122, 
1125,1302c1125,1302
< 1124, 0x37360A20
< 1125, 0x0A202C33
< 1126, 0x2C343736
< 1127, 0x37360A20
< 1128, 0x0A202C35
< 1129, 0x2C363736
< 1130, 0x37360A20
< 1131, 0x0A202C37
< 1132, 0x2C383736
< 1133, 0x37360A20
< 1134, 0x0A202C39
< 1135, 0x2C303836
< 1136, 0x38360A20
< 1137, 0x0A202C31
< 1138, 0x2C323836
< 1139, 0x38360A20
< 1140, 0x0A202C33
< 1141, 0x2C343836
< 1142, 0x38360A20
< 1143, 0x0A202C35
< 1144, 0x2C363836
< 1145, 0x38360A20
< 1146, 0x0A202C37
< 1147, 0x2C383836
< 1148, 0x38360A20
< 1149, 0x0A202C39
< 1150, 0x2C303936
< 1151, 0x39360A20
< 1152, 0x0A202C31
< 1153, 0x2C323936
< 1154, 0x39360A20
< 1155, 0x0A202C33
< 1156, 0x2C343936
< 1157, 0x39360A20
< 1158, 0x0A202C35
< 1159, 0x2C363936
< 1160, 0x39360A20
< 1161, 0x0A202C37
< 1162, 0x2C383936
< 1163, 0x39360A20
< 1164, 0x0A202C39
< 1165, 0x2C303037
< 1166, 0x30370A20
< 1167, 0x0A202C31
< 1168, 0x2C323037
< 1169, 0x30370A20
< 1170, 0x0A202C33
< 1171, 0x2C343037
< 1172, 0x30370A20
< 1173, 0x0A202C35
< 1174, 0x2C363037
< 1175, 0x30783020
< 1176, 0x30303030
< 1177, 0x0A393436
< 1178, 0x2C373037
< 1179, 0x30783020
< 1180, 0x30303030
< 1181, 0x0A314430
< 1182, 0x2C383037
< 1183, 0x30370A20
< 1184, 0x0A202C39
< 1185, 0x2C303137
< 1186, 0x31370A20
< 1187, 0x0A202C31
< 1188, 0x2C323137
< 1189, 0x31370A20
< 1190, 0x0A202C33
< 1191, 0x43323032
< 1192, 0x310A3333
< 1193, 0x2C313931
< 1194, 0x34783020
< 1195, 0x33323333
< 1196, 0x0A323330
< 1197, 0x32393131
< 1198, 0x7830202C
< 1199, 0x41303133
< 1200, 0x33333333
< 1201, 0x3931310A
< 1202, 0x30202C33
< 1203, 0x33433278
< 1204, 0x33393331
< 1205, 0x31310A31
< 1206, 0x202C3439
< 1207, 0x34337830
< 1208, 0x30333837
< 1209, 0x310A3032
< 1210, 0x2C353931
< 1211, 0x33783020
< 1212, 0x33323333
< 1213, 0x0A333333
< 1214, 0x36393131
< 1215, 0x7830202C
< 1216, 0x32334130
< 1217, 0x30333333
< 1218, 0x3931310A
< 1219, 0x30202C37
< 1220, 0x33323378
< 1221, 0x33313339
< 1222, 0x31310A31
< 1223, 0x202C3839
< 1224, 0x38377830
< 1225, 0x30323033
< 1226, 0x310A4332
< 1227, 0x2C393931
< 1228, 0x34783020
< 1229, 0x33303331
< 1230, 0x0A333331
< 1231, 0x30303231
< 1232, 0x7830202C
< 1233, 0x33333333
< 1234, 0x33333333
< 1235, 0x3032310A
< 1236, 0x30202C31
< 1237, 0x33393378
< 1238, 0x30313331
< 1239, 0x32310A41
< 1240, 0x202C3230
< 1241, 0x30337830
< 1242, 0x43323032
< 1243, 0x310A3333
< 1244, 0x2C333032
< 1245, 0x33783020
< 1246, 0x33333433
< 1247, 0x0A383732
< 1248, 0x34303231
< 1249, 0x7830202C
< 1250, 0x39333333
< 1251, 0x31333333
< 1252, 0x3032310A
< 1253, 0x30202C35
< 1254, 0x33313378
< 1255, 0x33413031
< 1256, 0x32310A31
< 1257, 0x202C3630
< 1258, 0x30327830
< 1259, 0x34334332
< 1260, 0x310A3933
< 1261, 0x2C373032
< 1262, 0x33783020
< 1263, 0x37333334
< 1264, 0x0A303338
< 1265, 0x38303231
< 1266, 0x7830202C
< 1267, 0x33333033
< 1268, 0x37333833
< 1269, 0x3032310A
< 1270, 0x30202C39
< 1271, 0x30313378
< 1272, 0x33303341
< 1273, 0x32310A32
< 1274, 0x202C3031
< 1275, 0x43327830
< 1276, 0x39333533
< 1277, 0x310A3133
< 1278, 0x2C313132
< 1279, 0x33783020
< 1280, 0x33383733
< 1281, 0x0A303230
< 1282, 0x32313231
< 1283, 0x7830202C
< 1284, 0x32333333
< 1285, 0x33333333
< 1286, 0x3132310A
< 1287, 0x30202C33
< 1288, 0x33413078
< 1289, 0x33333333
< 1290, 0x32310A33
< 1291, 0x202C3431
< 1292, 0x36337830
< 1293, 0x31333933
< 1294, 0x310A3133
< 1295, 0x2C353132
< 1296, 0x37783020
< 1297, 0x32303338
< 1298, 0x0A433230
< 1299, 0x36313231
< 1300, 0x7830202C
< 1301, 0x33333233
---
> 1124, 
> 1125, 
> 1126, 
> 1127, 
> 1128, 
> 1129, 
> 1130, 
> 1131, 
> 1132, 
> 1133, 
> 1134, 
> 1135, 
> 1136, 
> 1137, 
> 1138, 
> 1139, 
> 1140, 
> 1141, 
> 1142, 
> 1143, 
> 1144, 
> 1145, 
> 1146, 
> 1147, 
> 1148, 
> 1149, 
> 1150, 
> 1151, 
> 1152, 
> 1153, 
> 1154, 
> 1155, 
> 1156, 
> 1157, 
> 1158, 
> 1159, 
> 1160, 
> 1161, 
> 1162, 
> 1163, 
> 1164, 
> 1165, 
> 1166, 
> 1167, 
> 1168, 
> 1169, 
> 1170, 
> 1171, 
> 1172, 
> 1173, 
> 1174, 
> 1175, 
> 1176, 
> 1177, 
> 1178, 
> 1179, 
> 1180, 
> 1181, 
> 1182, 
> 1183, 
> 1184, 
> 1185, 
> 1186, 
> 1187, 
> 1188, 
> 1189, 
> 1190, 
> 1191, 
> 1192, 
> 1193, 
> 1194, 
> 1195, 
> 1196, 
> 1197, 
> 1198, 
> 1199, 
> 1200, 
> 1201, 
> 1202, 
> 1203, 
> 1204, 
> 1205, 
> 1206, 
> 1207, 
> 1208, 
> 1209, 
> 1210, 
> 1211, 
> 1212, 
> 1213, 
> 1214, 
> 1215, 
> 1216, 
> 1217, 
> 1218, 
> 1219, 
> 1220, 
> 1221, 
> 1222, 
> 1223, 
> 1224, 
> 1225, 
> 1226, 
> 1227, 
> 1228, 
> 1229, 
> 1230, 
> 1231, 
> 1232, 
> 1233, 
> 1234, 
> 1235, 
> 1236, 
> 1237, 
> 1238, 
> 1239, 
> 1240, 
> 1241, 
> 1242, 
> 1243, 
> 1244, 
> 1245, 
> 1246, 
> 1247, 
> 1248, 
> 1249, 
> 1250, 
> 1251, 
> 1252, 
> 1253, 
> 1254, 
> 1255, 
> 1256, 
> 1257, 
> 1258, 
> 1259, 
> 1260, 
> 1261, 
> 1262, 
> 1263, 
> 1264, 
> 1265, 
> 1266, 
> 1267, 
> 1268, 
> 1269, 
> 1270, 
> 1271, 
> 1272, 
> 1273, 
> 1274, 
> 1275, 
> 1276, 
> 1277, 
> 1278, 
> 1279, 
> 1280, 
> 1281, 
> 1282, 
> 1283, 
> 1284, 
> 1285, 
> 1286, 
> 1287, 
> 1288, 
> 1289, 
> 1290, 
> 1291, 
> 1292, 
> 1293, 
> 1294, 
> 1295, 
> 1296, 
> 1297, 
> 1298, 
> 1299, 
> 1300, 0x000004B9
> 1301, 0x00000001
